2021-04-26 12:52:48,505 INFO waitress Serving on http://0.0.0.0:5000
2021-04-26 12:52:59,920 INFO root Started a new gamesession (id = 36)
2021-04-26 12:53:03,433 INFO root Started a new gamesession (id = 37)
2021-04-26 12:53:27,710 INFO root Started a new gamesession (id = 1)
2021-04-26 12:53:28,785 INFO root New destination coordinates were put correctly
2021-04-26 12:53:32,964 INFO root New finish coordinates were put correctly
2021-04-26 12:53:33,010 INFO root Gamession's (id = 1) round updated to 2
2021-04-26 12:53:33,094 INFO root New destination coordinates were put correctly
2021-04-26 12:53:36,869 INFO root Gamession's (id = 1) round updated to 3
2021-04-26 12:53:36,875 INFO root New finish coordinates were put correctly
2021-04-26 12:53:36,967 INFO root New destination coordinates were put correctly
2021-04-26 12:53:40,887 INFO root New finish coordinates were put correctly
2021-04-26 12:53:40,906 INFO root Gamession's (id = 1) round updated to 4
2021-04-26 12:53:41,002 INFO root New destination coordinates were put correctly
2021-04-26 12:53:46,997 INFO root Gamession's (id = 1) round updated to 5
2021-04-26 12:53:47,023 INFO root New finish coordinates were put correctly
2021-04-26 12:53:47,101 INFO root Redicrected gamesession (id = 1) to finish screen
2021-04-26 12:53:47,181 INFO root Game session (id = 1) finished correctly
2021-04-26 12:55:20,813 INFO waitress Serving on http://0.0.0.0:5000
2021-04-26 12:55:31,239 INFO root Started a new gamesession (id = 1)
2021-04-26 12:55:47,368 INFO root Started a new gamesession (id = 2)
2021-04-26 12:55:48,982 INFO root New destination coordinates were put correctly
2021-04-26 12:55:51,470 INFO root New finish coordinates were put correctly
2021-04-26 12:55:51,475 INFO root Gamession's (id = 2) round updated to 2
2021-04-26 12:55:51,546 INFO root New destination coordinates were put correctly
2021-04-26 12:55:56,871 INFO root Gamession's (id = 2) round updated to 3
2021-04-26 12:55:56,886 INFO root New finish coordinates were put correctly
2021-04-26 12:55:56,988 INFO root New destination coordinates were put correctly
2021-04-26 12:56:01,917 INFO root New finish coordinates were put correctly
2021-04-26 12:56:01,937 INFO root Gamession's (id = 2) round updated to 4
2021-04-26 12:56:02,006 INFO root New destination coordinates were put correctly
2021-04-26 12:56:07,408 INFO root Gamession's (id = 2) round updated to 5
2021-04-26 12:56:07,449 INFO root New finish coordinates were put correctly
2021-04-26 12:56:07,566 INFO root Redicrected gamesession (id = 2) to finish screen
2021-04-26 12:56:07,631 INFO root Game session (id = 2) finished correctly
2021-04-26 12:56:10,620 INFO root Started a new gamesession (id = 3)
